<?xml version="1.0" encoding="UTF-8"?>
<testsuite xmlns:xsi="http://www.w3.org/2001/XMLSchema-instance" xsi:noNamespaceSchemaLocation="https://maven.apache.org/surefire/maven-surefire-plugin/xsd/surefire-test-report.xsd" name="com.redhat.fuse.boosters.rest.http.HttpRequestTest" time="10.161" tests="2" errors="0" skipped="0" failures="0">
  <properties>
[...]
</properties>
  <testcase name="healthShouldReturnOkMessage" classname="com.redhat.fuse.boosters.rest.http.HttpRequestTest" time="0.767"/>
  <testcase name="greetingsShouldReturnFallbackMessage" classname="com.redhat.fuse.boosters.rest.http.HttpRequestTest" time="0.099"/>
</testsuite>